#
# There is insufficient memory for the Java Runtime Environment to continue.
# Native memory allocation (mmap) failed to map 268435456 bytes for Failed to commit area from 0x0000000701a00000 to 0x0000000711a00000 of length 268435456.
# Possible reasons:
#   The system is out of physical RAM or swap space
#   The process is running with CompressedOops enabled, and the Java Heap may be blocking the growth of the native heap
# Possible solutions:
#   Reduce memory load on the system
#   Increase physical memory or swap space
#   Check if swap backing store is full
#   Decrease Java heap size (-Xmx/-Xms)
#   Decrease number of Java threads
#   Decrease Java thread stack sizes (-Xss)
#   Set larger code cache with -XX:ReservedCodeCacheSize=
# This output file may be truncated or incomplete.
#
#  Out of Memory Error (./src/hotspot/os/windows/os_windows.cpp:3521), pid=4068, tid=10768
#
# JRE version:  (11.0.12+7) (build )
# Java VM: OpenJDK 64-Bit Server VM (11.0.12+7-b1504.28-7817840, mixed mode, sharing, tiered, compressed oops, g1 gc, windows-amd64)
# No core dump will be written. Minidumps are not enabled by default on client versions of Windows
#

---------------  S U M M A R Y ------------

Command Line: git4idea.http.GitAskPassApp Username for 'https://github.com': 

Host: Intel(R) Core(TM) i5-9400 CPU @ 2.90GHz, 6 cores, 15G,  Windows 10 , 64 bit Build 19041 (10.0.19041.804)
Time: Tue Nov 29 17:50:35 2022 Западная Азия (зима) elapsed time: 0.012606 seconds (0d 0h 0m 0s)

---------------  T H R E A D  ---------------

Current thread (0x000001ff2215a000):  JavaThread "Unknown thread" [_thread_in_vm, id=10768, stack(0x0000005c73900000,0x0000005c73a00000)]

Stack: [0x0000005c73900000,0x0000005c73a00000]
Native frames: (J=compiled Java code, j=interpreted, Vv=VM code, C=native code)
V  [jvm.dll+0x5fbcea]
V  [jvm.dll+0x731905]
V  [jvm.dll+0x732f1d]
V  [jvm.dll+0x7335d3]
V  [jvm.dll+0x247bf8]
V  [jvm.dll+0x5f90b4]
V  [jvm.dll+0x5edc85]
V  [jvm.dll+0x305aeb]
V  [jvm.dll+0x305a5a]
V  [jvm.dll+0x305932]
V  [jvm.dll+0x30a896]
V  [jvm.dll+0x353803]
V  [jvm.dll+0x353f06]
V  [jvm.dll+0x353903]
V  [jvm.dll+0x2e0678]
V  [jvm.dll+0x2e1827]
V  [jvm.dll+0x710037]
V  [jvm.dll+0x71182c]
V  [jvm.dll+0x360da9]
V  [jvm.dll+0x6f390e]
V  [jvm.dll+0x3c9723]
V  [jvm.dll+0x3cb9b1]
C  [jli.dll+0x536b]
C  [ucrtbase.dll+0x21bb2]
C  [KERNEL32.DLL+0x17034]
C  [ntdll.dll+0x52651]


---------------  P R O C E S S  ---------------

Threads class SMR info:
_java_thread_list=0x000001ff20034a00, length=0, elements={
}

Java Threads: ( => current thread )

Other Threads:
  0x000001ff22175800 GCTaskThread "GC Thread#0" [stack: 0x0000005c73a00000,0x0000005c73b00000] [id=8968]
  0x000001ff221d3000 ConcurrentGCThread "G1 Main Marker" [stack: 0x0000005c73b00000,0x0000005c73c00000] [id=4720]
  0x000001ff221d5800 ConcurrentGCThread "G1 Conc#0" [stack: 0x0000005c73c00000,0x0000005c73d00000] [id=12644]

[error occurred during error reporting (printing all threads), id 0xc0000005, EXCEPTION_ACCESS_VIOLATION (0xc0000005) at pc=0x00007fffda790be7]

VM state:not at safepoint (not fully initialized)

VM Mutex/Monitor currently owned by a thread:  ([mutex/lock_event])
[0x000001ff22156550] Heap_lock - owner thread: 0x000001ff2215a000

Heap address: 0x0000000701a00000, size: 4070 MB, Compressed Oops mode: Non-zero based: 0x0000000701a00000
Narrow klass base: 0x0000000000000000, Narrow klass shift: 0

GC Heap History (0 events):
No events

Deoptimization events (0 events):
No events

Classes redefined (0 events):
No events

Internal exceptions (0 events):
No events

Events (1 events):
Event: 0.006 Loaded shared library C:\Program Files\Android\Android Studio\jre\bin\zip.dll


Dynamic libraries:
0x00007ff78b870000 - 0x00007ff78b87a000 	C:\Program Files\Android\Android Studio\jre\bin\java.exe
0x00007ff80dc70000 - 0x00007ff80de65000 	C:\Windows\SYSTEM32\ntdll.dll
0x00007ff80da70000 - 0x00007ff80db2d000 	C:\Windows\System32\KERNEL32.DLL
0x00007ff80b6c0000 - 0x00007ff80b989000 	C:\Windows\System32\KERNELBASE.dll
0x00007ff80bbd0000 - 0x00007ff80bcd0000 	C:\Windows\System32\ucrtbase.dll
0x00007fffd8a50000 - 0x00007fffd8a67000 	C:\Program Files\Android\Android Studio\jre\bin\VCRUNTIME140.dll
0x00007fffd5e50000 - 0x00007fffd5e69000 	C:\Program Files\Android\Android Studio\jre\bin\jli.dll
0x00007ff80d6e0000 - 0x00007ff80d880000 	C:\Windows\System32\USER32.dll
0x00007ff80b450000 - 0x00007ff80b472000 	C:\Windows\System32\win32u.dll
0x00007ff80d920000 - 0x00007ff80d94a000 	C:\Windows\System32\GDI32.dll
0x00007ff80ba90000 - 0x00007ff80bb9b000 	C:\Windows\System32\gdi32full.dll
0x00007ff80b3b0000 - 0x00007ff80b44d000 	C:\Windows\System32\msvcp_win.dll
0x00007fffe82a0000 - 0x00007fffe853a000 	C:\Windows\WinSxS\amd64_microsoft.windows.common-controls_6595b64144ccf1df_6.0.19041.844_none_ca00b6081b84eb1d\COMCTL32.dll
0x00007ff80d880000 - 0x00007ff80d91e000 	C:\Windows\System32\msvcrt.dll
0x00007ff80d9d0000 - 0x00007ff80da00000 	C:\Windows\System32\IMM32.DLL
0x0000000059f50000 - 0x0000000059f5c000 	C:\Program Files (x86)\360\Total Security\safemon\SafeWrapper.dll
0x00007ff80c140000 - 0x00007ff80c1ec000 	C:\Windows\System32\ADVAPI32.dll
0x00007ff80c2a0000 - 0x00007ff80c33c000 	C:\Windows\System32\sechost.dll
0x00007ff80d100000 - 0x00007ff80d22b000 	C:\Windows\System32\RPCRT4.dll
0x00007fffbbe50000 - 0x00007fffbbee2000 	C:\Program Files (x86)\360\Total Security\safemon\libzdtp64.dll
0x00007ff80c9b0000 - 0x00007ff80d0f2000 	C:\Windows\System32\SHELL32.dll
0x00007ff80d230000 - 0x00007ff80d285000 	C:\Windows\System32\SHLWAPI.dll
0x00007ff80aed0000 - 0x00007ff80aeda000 	C:\Windows\SYSTEM32\VERSION.dll
0x00007fffb0530000 - 0x00007fffb05cd000 	C:\Program Files\Android\Android Studio\jre\bin\msvcp140.dll
0x00007fffda4a0000 - 0x00007fffdaf85000 	C:\Program Files\Android\Android Studio\jre\bin\server\jvm.dll
0x00007ff80da00000 - 0x00007ff80da08000 	C:\Windows\System32\PSAPI.DLL
0x00007ffff8200000 - 0x00007ffff8209000 	C:\Windows\SYSTEM32\WSOCK32.dll
0x00007ffff8b30000 - 0x00007ffff8b57000 	C:\Windows\SYSTEM32\WINMM.dll
0x00007ff80d4e0000 - 0x00007ff80d54b000 	C:\Windows\System32\WS2_32.dll
0x00007ff8092c0000 - 0x00007ff8092d2000 	C:\Windows\SYSTEM32\kernel.appcore.dll
0x00007fffe1a80000 - 0x00007fffe1a91000 	C:\Program Files\Android\Android Studio\jre\bin\verify.dll
0x00007fffef2a0000 - 0x00007fffef484000 	C:\Windows\SYSTEM32\DBGHELP.DLL
0x00007fffef270000 - 0x00007fffef29c000 	C:\Windows\SYSTEM32\dbgcore.DLL
0x00007ff80b640000 - 0x00007ff80b6c0000 	C:\Windows\System32\bcryptPrimitives.dll
0x00007fffe1a50000 - 0x00007fffe1a79000 	C:\Program Files\Android\Android Studio\jre\bin\java.dll
0x00007fffe1770000 - 0x00007fffe177b000 	C:\Program Files\Android\Android Studio\jre\bin\jimage.dll
0x00007fffe1750000 - 0x00007fffe1768000 	C:\Program Files\Android\Android Studio\jre\bin\zip.dll

dbghelp: loaded successfully - version: 4.0.5 - missing functions: none
symbol engine: initialized successfully - sym options: 0x614 - pdb path: .;C:\Program Files\Android\Android Studio\jre\bin;C:\Windows\SYSTEM32;C:\Windows\WinSxS\amd64_microsoft.windows.common-controls_6595b64144ccf1df_6.0.19041.844_none_ca00b6081b84eb1d;C:\Program Files (x86)\360\Total Security\safemon;C:\Program Files\Android\Android Studio\jre\bin\server

VM Arguments:
java_command: git4idea.http.GitAskPassApp Username for 'https://github.com': 
java_class_path (initial): C:/Program Files/Android/Android Studio/plugins/git4idea/lib/git4idea-rt.jar;C:/Program Files/Android/Android Studio/lib/xmlrpc-2.0.1.jar;C:/Program Files/Android/Android Studio/lib/commons-codec-1.15.jar
Launcher Type: SUN_STANDARD

[Global flags]
     intx CICompilerCount                          = 3                                         {product} {ergonomic}
     uint ConcGCThreads                            = 2                                         {product} {ergonomic}
     uint G1ConcRefinementThreads                  = 6                                         {product} {ergonomic}
   size_t G1HeapRegionSize                         = 1048576                                   {product} {ergonomic}
    uintx GCDrainStackTargetSize                   = 64                                        {product} {ergonomic}
   size_t InitialHeapSize                          = 268435456                                 {product} {ergonomic}
   size_t MarkStackSize                            = 4194304                                   {product} {ergonomic}
   size_t MaxHeapSize                              = 4267704320                                {product} {ergonomic}
   size_t MinHeapDeltaBytes                        = 1048576                                   {product} {ergonomic}
    uintx NonNMethodCodeHeapSize                   = 5830732                                {pd product} {ergonomic}
    uintx NonProfiledCodeHeapSize                  = 122913754                              {pd product} {ergonomic}
    uintx ProfiledCodeHeapSize                     = 122913754                              {pd product} {ergonomic}
    uintx ReservedCodeCacheSize                    = 251658240                              {pd product} {ergonomic}
     bool SegmentedCodeCache                       = true                                      {product} {ergonomic}
     bool UseCompressedClassPointers               = true                                 {lp64_product} {ergonomic}
     bool UseCompressedOops                        = true                                 {lp64_product} {ergonomic}
     bool UseG1GC                                  = true                                      {product} {ergonomic}
     bool UseLargePagesIndividualAllocation        = false                                  {pd product} {ergonomic}

Logging:
Log output configuration:
 #0: stdout all=warning uptime,level,tags
 #1: stderr all=off uptime,level,tags

Environment Variables:
PATH=C:\Program Files\Git\mingw64\libexec\git-core;C:\Program Files\Git\mingw64\libexec\git-core;C:\Program Files\Git\mingw64\bin;C:\Program Files\Git\usr\bin;C:\Users\user\bin;C:\Windows\system32;C:\Windows;C:\Windows\System32\Wbem;C:\Windows\System32\WindowsPowerShell\v1.0;C:\Windows\System32\OpenSSH;C:\Program Files\Git\cmd;C:\Users\user\AppData\Local\Microsoft\WindowsApps
USERNAME=user
DISPLAY=:0.0
LC_ALL=en_US.UTF-8
OS=Windows_NT
PROCESSOR_IDENTIFIER=Intel64 Family 6 Model 158 Stepping 13, GenuineIntel



---------------  S Y S T E M  ---------------

OS: Windows 10 , 64 bit Build 19041 (10.0.19041.804)
OS uptime: 0 days 5:41 hours

CPU:total 6 (initial active 6) (6 cores per cpu, 1 threads per core) family 6 model 158 stepping 13 microcode 0xde, cmov, cx8, fxsr, mmx, sse, sse2, sse3, ssse3, sse4.1, sse4.2, popcnt, avx, avx2, aes, clmul, erms, 3dnowpref, lzcnt, tsc, tscinvbit, bmi1, bmi2, adx, fma

Memory: 4k page, system-wide physical 16276M (858M free)
TotalPageFile size 31457M (AvailPageFile size 98M)
current process WorkingSet (physical memory assigned to process): 11M, peak: 11M
current process commit charge ("private bytes"): 57M, peak: 313M

vm_info: OpenJDK 64-Bit Server VM (11.0.12+7-b1504.28-7817840) for windows-amd64 JRE (11.0.12+7-b1504.28-7817840), built on Oct 13 2021 22:12:33 by "builder" with MS VC++ 14.0 (VS2015)

END.
